<?xml version="1.0" encoding="UTF-8"?>
<!-- Generated by org.testng.reporters.JUnitReportReporter -->
<testsuite name="strings.string_methods" tests="1" time="0.008" ignored="0" failures="0" timestamp="18 May 2021 10:54:04 GMT" skipped="0" hostname="LAPTOP-75G6PTHA" errors="0">
  <testcase name="main" time="0.008" classname="strings.string_methods"/>
</testsuite> <!-- strings.string_methods -->
